<?xml version="1.0" encoding="UTF-8"?>
<!-- Generated by org.testng.reporters.JUnitXMLReporter -->
<testsuite hostname="NILAMMA-W10" name="RegressionTest" tests="28" failures="7" timestamp="13 Jun 2022 09:16:28 GMT" time="1802.16" errors="0">
  <testcase name="TS001_VerifySelectionOfExhibitorFromAutoSuggestionListTest" time="14.134" classname="atlantamarket.GlobalSearch_SuggestionList"/>
  <testcase name="TS002_VerifySelectionOfLineFromAutoSuggestionListTest" time="37.926" classname="atlantamarket.GlobalSearch_SuggestionList"/>
  <testcase name="TS003_VerifySelectionOfProductFromAutoSuggestionListTest" time="80.415" classname="atlantamarket.GlobalSearch_SuggestionList"/>
  <testcase name="TS001_VerifyMarketPlannerLoginTest" time="52.136" classname="atlantamarket.GlobalSearch_ExhibitorActions"/>
  <testcase name="TS002_VerifyAddToFavoriteForExhibitorTest" time="40.284" classname="atlantamarket.GlobalSearch_ExhibitorActions"/>
  <testcase name="TS003_VerifyAddToNewListForExhibitorTest" time="72.384" classname="atlantamarket.GlobalSearch_ExhibitorActions"/>
  <testcase name="TS004_VerifyAddToExistingListForExhibitorTest" time="102.934" classname="atlantamarket.GlobalSearch_ExhibitorActions"/>
  <testcase name="TS005_VerifyClickOnContactExhIconForExhibitorTest" time="31.464" classname="atlantamarket.GlobalSearch_ExhibitorActions"/>
  <testcase name="TS006_VerifyClickOnLocationLinksForExhibitorTest" time="37.718" classname="atlantamarket.GlobalSearch_ExhibitorActions"/>
  <testcase name="TS007_VerifyClickOnLinesShownLinkForExhibitorTest" time="42.588" classname="atlantamarket.GlobalSearch_ExhibitorActions">
    <failure type="java.lang.AssertionError" message="expected [true] but found [false]">
      <![CDATA[java.lang.AssertionError: expected [true] but found [false]
	at atlantamarket.GlobalSearch_ExhibitorActions.TS007_VerifyClickOnLinesShownLinkForExhibitorTest(GlobalSearch_ExhibitorActions.java:357)
... Removed 28 stack frames]]>
    </failure>
  </testcase> <!-- TS007_VerifyClickOnLinesShownLinkForExhibitorTest -->
  <testcase name="TS008_VerifyClickOnTotalProductsSeeAllLinkForExhibitorTest" time="43.41" classname="atlantamarket.GlobalSearch_ExhibitorActions">
    <failure type="java.lang.AssertionError" message="expected [539857] but found [544354]">
      <![CDATA[java.lang.AssertionError: expected [539857] but found [544354]
	at atlantamarket.GlobalSearch_ExhibitorActions.TS008_VerifyClickOnTotalProductsSeeAllLinkForExhibitorTest(GlobalSearch_ExhibitorActions.java:402)
... Removed 29 stack frames]]>
    </failure>
  </testcase> <!-- TS008_VerifyClickOnTotalProductsSeeAllLinkForExhibitorTest -->
  <testcase name="TS009_VerifyClickOnMatchingProductsSeeAllLinkForExhibitorTest" time="40.595" classname="atlantamarket.GlobalSearch_ExhibitorActions">
    <failure type="java.lang.AssertionError" message="expected [3393] but found [539857]">
      <![CDATA[java.lang.AssertionError: expected [3393] but found [539857]
	at atlantamarket.GlobalSearch_ExhibitorActions.TS009_VerifyClickOnMatchingProductsSeeAllLinkForExhibitorTest(GlobalSearch_ExhibitorActions.java:445)
... Removed 29 stack frames]]>
    </failure>
  </testcase> <!-- TS009_VerifyClickOnMatchingProductsSeeAllLinkForExhibitorTest -->
  <testcase name="TS010_VerifyMatchingProductsAddNoteFunctionalityForExhibitorTest" time="44.751" classname="atlantamarket.GlobalSearch_ExhibitorActions">
    <failure type="org.openqa.selenium.WebDriverException" message="element click intercepted: Element &amp;lt;button id=&amp;quot;&amp;quot; class=&amp;quot;imc-addnote__openModal imc-addnote__openModal--hideafter imc-link--alt-darkred imc-content imc-content--delta imc-expand-collapse__heading&amp;quot;&amp;gt;...&amp;lt;/button&amp;gt; is not clickable at point (1314, 254). Other element would receive the click: &amp;lt;div class=&amp;quot;ReactModal__Overlay ReactModal__Overlay--after-open imc-modal--overlay&amp;quot;&amp;gt;...&amp;lt;/div&amp;gt;
  (Session info: chrome=102.0.5005.63)
Build info: version: &amp;apos;3.4.0&amp;apos;, revision: &amp;apos;unknown&amp;apos;, time: &amp;apos;unknown&amp;apos;
System info: host: &amp;apos;NILAMMA-W10&amp;apos;, ip: &amp;apos;192.168.68.2&amp;apos;, os.name: &amp;apos;Windows 10&amp;apos;, os.arch: &amp;apos;amd64&amp;apos;, os.version: &amp;apos;10.0&amp;apos;, java.version: &amp;apos;1.8.0_161&amp;apos;
Driver info: org.openqa.selenium.chrome.ChromeDriver
Capabilities [{networkConnectionEnabled=false, chrome={chromedriverVersion=102.0.5005.61 (0e59bcc00cc4985ce39ad31c150065f159d95ad3-refs/branch-heads/5005@{#819}), userDataDir=C:\Users\nilamma\AppData\Local\Temp\scoped_dir25528_195963905}, timeouts={implicit=0.0, pageLoad=300000.0, script=30000.0}, pageLoadStrategy=normal, unhandledPromptBehavior=dismiss and notify, strictFileInteractability=false, platform=ANY, proxy=Proxy(), goog:chromeOptions={debuggerAddress=localhost:49223}, webauthn:extension:credBlob=true, acceptInsecureCerts=false, browserVersion=102.0.5005.63, browserName=chrome, javascriptEnabled=true, platformName=windows, setWindowRect=true, webauthn:extension:largeBlob=true, webauthn:virtualAuthenticators=true}]
Session ID: de4a26d26234163992905c53cb40819f">
      <![CDATA[org.openqa.selenium.WebDriverException: element click intercepted: Element <button id="" class="imc-addnote__openModal imc-addnote__openModal--hideafter imc-link--alt-darkred imc-content imc-content--delta imc-expand-collapse__heading">...</button> is not clickable at point (1314, 254). Other element would receive the click: <div class="ReactModal__Overlay ReactModal__Overlay--after-open imc-modal--overlay">...</div>
  (Session info: chrome=102.0.5005.63)
Build info: version: '3.4.0', revision: 'unknown', time: 'unknown'
System info: host: 'NILAMMA-W10', ip: '192.168.68.2', os.name: 'Windows 10', os.arch: 'amd64', os.version: '10.0', java.version: '1.8.0_161'
Driver info: org.openqa.selenium.chrome.ChromeDriver
Capabilities [{networkConnectionEnabled=false, chrome={chromedriverVersion=102.0.5005.61 (0e59bcc00cc4985ce39ad31c150065f159d95ad3-refs/branch-heads/5005@{#819}), userDataDir=C:\Users\nilamma\AppData\Local\Temp\scoped_dir25528_195963905}, timeouts={implicit=0.0, pageLoad=300000.0, script=30000.0}, pageLoadStrategy=normal, unhandledPromptBehavior=dismiss and notify, strictFileInteractability=false, platform=ANY, proxy=Proxy(), goog:chromeOptions={debuggerAddress=localhost:49223}, webauthn:extension:credBlob=true, acceptInsecureCerts=false, browserVersion=102.0.5005.63, browserName=chrome, javascriptEnabled=true, platformName=windows, setWindowRect=true, webauthn:extension:largeBlob=true, webauthn:virtualAuthenticators=true}]
Session ID: de4a26d26234163992905c53cb40819f
	at org.openqa.selenium.remote.http.W3CHttpResponseCodec.createException(W3CHttpResponseCodec.java:150)
	at org.openqa.selenium.remote.http.W3CHttpResponseCodec.decode(W3CHttpResponseCodec.java:115)
	at org.openqa.selenium.remote.http.W3CHttpResponseCodec.decode(W3CHttpResponseCodec.java:45)
	at org.openqa.selenium.remote.HttpCommandExecutor.execute(HttpCommandExecutor.java:164)
	at org.openqa.selenium.remote.service.DriverCommandExecutor.execute(DriverCommandExecutor.java:82)
	at org.openqa.selenium.remote.RemoteWebDriver.execute(RemoteWebDriver.java:637)
	at org.openqa.selenium.remote.RemoteWebElement.execute(RemoteWebElement.java:272)
	at org.openqa.selenium.remote.RemoteWebElement.click(RemoteWebElement.java:82)
	at atlantamarket.GlobalSearch_ExhibitorActions.TS010_VerifyMatchingProductsAddNoteFunctionalityForExhibitorTest(GlobalSearch_ExhibitorActions.java:495)
... Removed 28 stack frames]]>
    </failure>
  </testcase> <!-- TS010_VerifyMatchingProductsAddNoteFunctionalityForExhibitorTest -->
  <testcase name="TS011_VerifySelectionOfExhibitorFromSearchResultsTest" time="52.183" classname="atlantamarket.GlobalSearch_ExhibitorActions">
    <failure type="java.lang.AssertionError" message="expected [true] but found [false]">
      <![CDATA[java.lang.AssertionError: expected [true] but found [false]
	at atlantamarket.GlobalSearch_ExhibitorActions.TS011_VerifySelectionOfExhibitorFromSearchResultsTest(GlobalSearch_ExhibitorActions.java:552)
... Removed 28 stack frames]]>
    </failure>
  </testcase> <!-- TS011_VerifySelectionOfExhibitorFromSearchResultsTest -->
  <testcase name="TS001_VerifyMarketPlannerLoginTest" time="56.527" classname="atlantamarket.GlobalSearch_LineActions"/>
  <testcase name="TS002_VerifyClickOnContactExhIconForLineTest" time="22.929" classname="atlantamarket.GlobalSearch_LineActions"/>
  <testcase name="TS003_VerifyAddToFavoriteForLineTest" time="52.277" classname="atlantamarket.GlobalSearch_LineActions"/>
  <testcase name="TS004_VerifyClickOnOrderOnJuniperMarketBtnForLineTest" time="36.313" classname="atlantamarket.GlobalSearch_LineActions"/>
  <testcase name="TS005_VerifyAddToNewListForLineTest" time="76.88" classname="atlantamarket.GlobalSearch_LineActions"/>
  <testcase name="TS006_VerifyAddToExistingListForLineTest" time="76.822" classname="atlantamarket.GlobalSearch_LineActions"/>
  <testcase name="TS007_VerifyClickOnShownByExhibitorNameLinkForLineTest" time="37.225" classname="atlantamarket.GlobalSearch_LineActions"/>
  <testcase name="TS008_VerifyClickOnLocationLinkForLineTest" time="34.627" classname="atlantamarket.GlobalSearch_LineActions"/>
  <testcase name="TS009_VerifyClickOnMatchingProductsSeeAllLinkForLineTest" time="47.068" classname="atlantamarket.GlobalSearch_LineActions">
    <failure type="java.lang.AssertionError" message="expected [59727] but found [59730]">
      <![CDATA[java.lang.AssertionError: expected [59727] but found [59730]
	at atlantamarket.GlobalSearch_LineActions.TS009_VerifyClickOnMatchingProductsSeeAllLinkForLineTest(GlobalSearch_LineActions.java:436)
... Removed 29 stack frames]]>
    </failure>
  </testcase> <!-- TS009_VerifyClickOnMatchingProductsSeeAllLinkForLineTest -->
  <testcase name="TS010_VerifyClickOnTotalProductsSeeAllLinkForLineTest" time="76.538" classname="atlantamarket.GlobalSearch_LineActions"/>
  <testcase name="TS001_VerifyMarketPlannerLoginTest" time="84.468" classname="atlantamarket.GlobalSearch_ProductActions"/>
  <testcase name="TS002_VerifyClickOnSeeDetailsBtnForProductTest" time="20.376" classname="atlantamarket.GlobalSearch_ProductActions"/>
  <testcase name="TS003_VerifyAddToNewListForProductDetailsTest" time="72.984" classname="atlantamarket.GlobalSearch_ProductActions">
    <failure type="org.openqa.selenium.TimeoutException" message="Expected condition failed: waiting for visibility of element located by By.xpath: //input[@value=&amp;apos;Create&amp;apos;] (tried for 20 second(s) with 500 MILLISECONDS interval)">
      <![CDATA[org.openqa.selenium.TimeoutException: Expected condition failed: waiting for visibility of element located by By.xpath: //input[@value='Create'] (tried for 20 second(s) with 500 MILLISECONDS interval)
	at org.openqa.selenium.support.ui.WebDriverWait.timeoutException(WebDriverWait.java:80)
	at org.openqa.selenium.support.ui.FluentWait.until(FluentWait.java:232)
	at pageObjects.AtlantaMarket.ATLMarketPlannerPage.getAddListCreateBtn(ATLMarketPlannerPage.java:108)
	at atlantamarket.GlobalSearch_ProductActions.TS003_VerifyAddToNewListForProductDetailsTest(GlobalSearch_ProductActions.java:168)
Caused by: org.openqa.selenium.NoSuchElementException: Cannot locate an element using By.xpath: //input[@value='Create']
For documentation on this error, please visit: http://seleniumhq.org/exceptions/no_such_element.html
Build info: version: '3.4.0', revision: 'unknown', time: 'unknown'
System info: host: 'NILAMMA-W10', ip: '192.168.68.2', os.name: 'Windows 10', os.arch: 'amd64', os.version: '10.0', java.version: '1.8.0_161'
Driver info: driver.version: unknown
	at org.openqa.selenium.support.ui.ExpectedConditions.lambda$findElement$0(ExpectedConditions.java:883)
	at java.util.Optional.orElseThrow(Unknown Source)
	at org.openqa.selenium.support.ui.ExpectedConditions.findElement(ExpectedConditions.java:882)
	at org.openqa.selenium.support.ui.ExpectedConditions.access$000(ExpectedConditions.java:44)
	at org.openqa.selenium.support.ui.ExpectedConditions$7.apply(ExpectedConditions.java:206)
	at org.openqa.selenium.support.ui.ExpectedConditions$7.apply(ExpectedConditions.java:202)
	at org.openqa.selenium.support.ui.FluentWait.until(FluentWait.java:209)
	... 26 more
... Removed 24 stack frames]]>
    </failure>
  </testcase> <!-- TS003_VerifyAddToNewListForProductDetailsTest -->
  <testcase name="TS004_VerifyAddToExistingListForProductDetailsTest" time="122.147" classname="atlantamarket.GlobalSearch_ProductActions"/>
</testsuite> <!-- RegressionTest -->
