<?xml version="1.0" encoding="UTF-8"?>
<!-- Generated by org.testng.reporters.JUnitXMLReporter -->
<testsuite hostname="Anuppa-VD3" name="RegressionTest, MPGroupTest" tests="9" failures="0" timestamp="18 Apr 2023 09:57:46 GMT" time="57.373" errors="0">
  <testcase name="@BeforeClass initialize" time="0.0" classname="atlantamarket_UAT.GlobalSearch_LineActions">
    <failure type="org.openqa.selenium.TimeoutException" message="Expected condition failed: waiting for element to be clickable: By.xpath: //button[@id=&amp;apos;gdpr-btn&amp;apos;] (tried for 30 second(s) with 500 MILLISECONDS interval)">
      <![CDATA[org.openqa.selenium.TimeoutException: Expected condition failed: waiting for element to be clickable: By.xpath: //button[@id='gdpr-btn'] (tried for 30 second(s) with 500 MILLISECONDS interval)
	at org.openqa.selenium.support.ui.WebDriverWait.timeoutException(WebDriverWait.java:80)
	at org.openqa.selenium.support.ui.FluentWait.until(FluentWait.java:232)
	at pageObjects.AtlantaMarket.ATLLandingPage.getIUnderstandBtn(ATLLandingPage.java:43)
	at atlantamarket_UAT.GlobalSearch_LineActions.initialize(GlobalSearch_LineActions.java:54)
Caused by: org.openqa.selenium.NoSuchWindowException: no such window: target window already closed
from unknown error: web view not found
  (Session info: chrome=112.0.5615.121)
Build info: version: '3.4.0', revision: 'unknown', time: 'unknown'
System info: host: 'ANUPPA-VD3', ip: '172.27.182.66', os.name: 'Windows 10', os.arch: 'amd64', os.version: '10.0', java.version: '1.8.0_361'
Driver info: org.openqa.selenium.chrome.ChromeDriver
Capabilities [{networkConnectionEnabled=false, chrome={chromedriverVersion=112.0.5615.49 (bd2a7bcb881c11e8cfe3078709382934e3916914-refs/branch-heads/5615@{#936}), userDataDir=C:\Users\anuppa\AppData\Local\Temp\scoped_dir22496_1673333097}, timeouts={implicit=0.0, pageLoad=300000.0, script=30000.0}, pageLoadStrategy=normal, unhandledPromptBehavior=dismiss and notify, strictFileInteractability=false, platform=ANY, proxy=Proxy(), webauthn:extension:minPinLength=true, goog:chromeOptions={debuggerAddress=localhost:51568}, webauthn:extension:credBlob=true, webauthn:extension:prf=true, acceptInsecureCerts=false, browserVersion=112.0.5615.121, browserName=chrome, javascriptEnabled=true, platformName=windows, setWindowRect=true, webauthn:extension:largeBlob=true, webauthn:virtualAuthenticators=true}]
Session ID: 20dc4a3948b412cef3218dee1220a2a5
*** Element info: {Using=xpath, value=//button[@id='gdpr-btn']}
	at org.openqa.selenium.remote.http.W3CHttpResponseCodec.createException(W3CHttpResponseCodec.java:150)
	at org.openqa.selenium.remote.http.W3CHttpResponseCodec.decode(W3CHttpResponseCodec.java:115)
	at org.openqa.selenium.remote.http.W3CHttpResponseCodec.decode(W3CHttpResponseCodec.java:45)
	at org.openqa.selenium.remote.HttpCommandExecutor.execute(HttpCommandExecutor.java:164)
	at org.openqa.selenium.remote.service.DriverCommandExecutor.execute(DriverCommandExecutor.java:82)
	at org.openqa.selenium.remote.RemoteWebDriver.execute(RemoteWebDriver.java:637)
	at org.openqa.selenium.remote.RemoteWebDriver.findElements(RemoteWebDriver.java:437)
	at org.openqa.selenium.remote.RemoteWebDriver.findElementsByXPath(RemoteWebDriver.java:513)
	at org.openqa.selenium.By$ByXPath.findElements(By.java:356)
	at org.openqa.selenium.remote.RemoteWebDriver.findElements(RemoteWebDriver.java:398)
	at org.openqa.selenium.support.ui.ExpectedConditions.findElement(ExpectedConditions.java:882)
	at org.openqa.selenium.support.ui.ExpectedConditions.access$000(ExpectedConditions.java:44)
	at org.openqa.selenium.support.ui.ExpectedConditions$7.apply(ExpectedConditions.java:206)
	at org.openqa.selenium.support.ui.ExpectedConditions$7.apply(ExpectedConditions.java:202)
	at org.openqa.selenium.support.ui.ExpectedConditions$22.apply(ExpectedConditions.java:644)
	at org.openqa.selenium.support.ui.ExpectedConditions$22.apply(ExpectedConditions.java:641)
	at org.openqa.selenium.support.ui.FluentWait.until(FluentWait.java:209)
	... 26 more
... Removed 27 stack frames]]>
    </failure>
  </testcase> <!-- @BeforeClass initialize -->
  <testcase name="verifyMPLoginFunctionality" time="0.009" classname="atlantamarket_UAT.GlobalSearch_LineActions">
    <skipped/>
  </testcase> <!-- verifyMPLoginFunctionality -->
  <testcase name="TS002_VerifyClickOnOrderOnJuniperMarketBtnForLineTest" time="0.001" classname="atlantamarket_UAT.GlobalSearch_LineActions">
    <skipped/>
  </testcase> <!-- TS002_VerifyClickOnOrderOnJuniperMarketBtnForLineTest -->
  <testcase name="TS005_VerifyClickOnShownByExhibitorNameLinkForLineTest" time="0.001" classname="atlantamarket_UAT.GlobalSearch_LineActions">
    <skipped/>
  </testcase> <!-- TS005_VerifyClickOnShownByExhibitorNameLinkForLineTest -->
  <testcase name="TS006_VerifyClickOnLocationLinkForLineTest" time="0.001" classname="atlantamarket_UAT.GlobalSearch_LineActions">
    <skipped/>
  </testcase> <!-- TS006_VerifyClickOnLocationLinkForLineTest -->
  <testcase name="TS007_VerifyClickOnMatchingProductsSeeAllLinkForLineTest" time="0.001" classname="atlantamarket_UAT.GlobalSearch_LineActions">
    <skipped/>
  </testcase> <!-- TS007_VerifyClickOnMatchingProductsSeeAllLinkForLineTest -->
  <testcase name="TS008_VerifyClickOnTotalProductsSeeAllLinkForLineTest" time="0.002" classname="atlantamarket_UAT.GlobalSearch_LineActions">
    <skipped/>
  </testcase> <!-- TS008_VerifyClickOnTotalProductsSeeAllLinkForLineTest -->
  <testcase name="TS001_VerifyAddToFavoriteForLineTest" time="0.001" classname="atlantamarket_UAT.GlobalSearch_LineActions">
    <skipped/>
  </testcase> <!-- TS001_VerifyAddToFavoriteForLineTest -->
  <testcase name="TS003_VerifyAddToNewListForLineTest" time="0.001" classname="atlantamarket_UAT.GlobalSearch_LineActions">
    <skipped/>
  </testcase> <!-- TS003_VerifyAddToNewListForLineTest -->
  <testcase name="TS004_VerifyAddToExistingListForLineTest" time="0.0" classname="atlantamarket_UAT.GlobalSearch_LineActions">
    <skipped/>
  </testcase> <!-- TS004_VerifyAddToExistingListForLineTest -->
</testsuite> <!-- RegressionTest, MPGroupTest -->
