<!DOCTYPE html PUBLIC "-//W3C//DTD XHTML 1.1//EN" "http://www.w3.org/TR/xhtml11/DTD/xhtml11.dtd">
<<<<<<< HEAD
<html xmlns="http://www.w3.org/1999/xhtml"><head><title>TestNG Report</title><style type="text/css">table {margin-bottom:10px;border-collapse:collapse;empty-cells:show}th,td {border:1px solid #009;padding:.25em .5em}th {vertical-align:bottom}td {vertical-align:top}table a {font-weight:bold}.stripe td {background-color: #E6EBF9}.num {text-align:right}.passedodd td {background-color: #3F3}.passedeven td {background-color: #0A0}.skippedodd td {background-color: #DDD}.skippedeven td {background-color: #CCC}.failedodd td,.attn {background-color: #F33}.failedeven td,.stripe .attn {background-color: #D00}.stacktrace {white-space:pre;font-family:monospace}.totop {font-size:85%;text-align:center;border-bottom:2px solid #000}</style></head><body><table><tr><th>Test</th><th># Passed</th><th># Skipped</th><th># Failed</th><th>Time (ms)</th><th>Included Groups</th><th>Excluded Groups</th></tr><tr><th colspan="7">LVM_RegressionTestSuite</th></tr><tr><td><a href="#t0">RegressionTest</a></td><td class="num">0</td><td class="num">0</td><td class="num attn">1</td><td class="num">93,379</td><td></td><td></td></tr></table><table><thead><tr><th>Class</th><th>Method</th><th>Start</th><th>Time (ms)</th></tr></thead><tbody><tr><th colspan="4">LVM_RegressionTestSuite</th></tr></tbody><tbody id="t0"><tr><th colspan="4">RegressionTest &#8212; failed</th></tr><tr class="failedeven"><td rowspan="1">lasvegasmarket_UAT.ShowSpecials</td><td><a href="#m0">TS001_VerifyViewBrandDetailsLinkForShowSpecialsTest</a></td><td rowspan="1">1676457098765</td><td rowspan="1">36166</td></tr></tbody></table><h2>RegressionTest</h2><h3 id="m0">lasvegasmarket_UAT.ShowSpecials#TS001_VerifyViewBrandDetailsLinkForShowSpecialsTest</h3><table class="result"><tr><th>Exception</th></tr><tr><td><div class="stacktrace">org.openqa.selenium.TimeoutException: Expected condition failed: waiting for visibility of element located by By.xpath: (//a[contains(text(),&apos;See More Details&apos;)])[1] (tried for 20 second(s) with 500 MILLISECONDS interval)
	at org.openqa.selenium.support.ui.WebDriverWait.timeoutException(WebDriverWait.java:80)
	at org.openqa.selenium.support.ui.FluentWait.until(FluentWait.java:232)
	at pageObjects.LasVegasMarket.LVMGlobalSearchPage.getLVMSeeMoreDetailsBtnNew(LVMGlobalSearchPage.java:572)
	at lasvegasmarket_UAT.ShowSpecials.TS001_VerifyViewBrandDetailsLinkForShowSpecialsTest(ShowSpecials.java:99)
Caused by: org.openqa.selenium.NoSuchElementException: Cannot locate an element using By.xpath: (//a[contains(text(),&apos;See More Details&apos;)])[1]
For documentation on this error, please visit: http://seleniumhq.org/exceptions/no_such_element.html
Build info: version: &apos;3.4.0&apos;, revision: &apos;unknown&apos;, time: &apos;unknown&apos;
System info: host: &apos;ANUPPA-VD3&apos;, ip: &apos;172.27.182.66&apos;, os.name: &apos;Windows 10&apos;, os.arch: &apos;amd64&apos;, os.version: &apos;10.0&apos;, java.version: &apos;1.8.0_361&apos;
Driver info: driver.version: unknown
	at org.openqa.selenium.support.ui.ExpectedConditions.lambda$findElement$0(ExpectedConditions.java:883)
	at java.util.Optional.orElseThrow(Unknown Source)
	at org.openqa.selenium.support.ui.ExpectedConditions.findElement(ExpectedConditions.java:882)
	at org.openqa.selenium.support.ui.ExpectedConditions.access$000(ExpectedConditions.java:44)
	at org.openqa.selenium.support.ui.ExpectedConditions$7.apply(ExpectedConditions.java:206)
	at org.openqa.selenium.support.ui.ExpectedConditions$7.apply(ExpectedConditions.java:202)
	at org.openqa.selenium.support.ui.FluentWait.until(FluentWait.java:209)
	... 26 more
... Removed 24 stack frames</div></td></tr></table><p class="totop"><a href="#summary">back to summary</a></p></body></html>
=======
<<<<<<< HEAD
=======

>>>>>>> 05882c0424bc92ec9b84b3ee5a37380cde63a66a
<html xmlns="http://www.w3.org/1999/xhtml">
<head>
<title>TestNG:  Unit Test</title>
<style type="text/css">
table caption,table.info_table,table.result,table.passed,table.failed {margin-bottom:10px;border:1px solid #000099;border-collapse:collapse;empty-cells:show;}
table.info_table td,table.info_table th,table.result td,table.result th,table.passed td,table.passed th,table.failed td,table.failed th {
border:1px solid #000099;padding:.25em .5em .25em .5em
}
table.result th {vertical-align:bottom}
tr.param th {padding-left:1em;padding-right:1em}
tr.param td {padding-left:.5em;padding-right:2em}
td.numi,th.numi,td.numi_attn {
text-align:right
}
tr.total td {font-weight:bold}
table caption {
text-align:center;font-weight:bold;
}
table.passed tr.stripe td,table tr.passedodd td {background-color: #00AA00;}
table.passed td,table tr.passedeven td {background-color: #33FF33;}
table.passed tr.stripe td,table tr.skippedodd td {background-color: #cccccc;}
table.passed td,table tr.skippedodd td {background-color: #dddddd;}
table.failed tr.stripe td,table tr.failedodd td,table.result td.numi_attn {background-color: #FF3333;}
table.failed td,table tr.failedeven td,table.result tr.stripe td.numi_attn {background-color: #DD0000;}
tr.stripe td,tr.stripe th {background-color: #E6EBF9;}
p.totop {font-size:85%;text-align:center;border-bottom:2px black solid}
div.shootout {padding:2em;border:3px #4854A8 solid}
</style>
</head>
<body>
<table cellspacing="0" cellpadding="0" class="result">
<tr><th>Test</th><th class="numi">Methods<br/>Passed</th><th class="numi">Scenarios<br/>Passed</th><th class="numi"># skipped</th><th class="numi"># failed</th><th class="numi">Total<br/>Time</th><th class="numi">Included<br/>Groups</th><th class="numi">Excluded<br/>Groups</th></tr>
<<<<<<< HEAD
<tr><td style="text-align:left;padding-right:2em">RegressionTest</td><td class="numi">2</td><td class="numi">2</td><td class="numi">0</td><td class="numi_attn">7</td><td class="numi">1,034.2 seconds</td><td class="numi"></td><td class="numi"></td></tr>
=======
<tr><td style="text-align:left;padding-right:2em">RegressionTest</td><td class="numi">0</td><td class="numi">0</td><td class="numi">0</td><td class="numi_attn">1</td><td class="numi">675.9 seconds</td><td class="numi"></td><td class="numi"></td></tr>
>>>>>>> 05882c0424bc92ec9b84b3ee5a37380cde63a66a
</table>
<table cellspacing="0" cellpadding="0" class="passed" id="summary">
<tr><th>Class</th><th>Method</th><th># of<br/>Scenarios</th><th>Start</th><th>Time<br/>(ms)</th></tr>
<tr><th colspan="4">RegressionTest &#8212; failed</th></tr>
<<<<<<< HEAD
<tr class="failedodd"><td rowspan="7">lasvegasmarket_UAT.GlobalSearch_ProductActions</td><td><a href="#m1"><b>TS001_VerifyClickOnProductSeeDetailsBtnOnSearchResultsGridTest</b>  </a></td><td class="numi">1</td><td>1675851489990</td><td class="numi">353554</td></tr><tr class="failedodd"><td><a href="#m2"><b>TS002_VerifyProductAddToNewListOnProductDetailsPageTest</b>  </a></td><td class="numi">1</td><td>1675851843815</td><td class="numi">33633</td></tr><tr class="failedodd"><td><a href="#m3"><b>TS003_VerifyProductAddToExistingListOnProductDetailsPageTest</b>  </a></td><td class="numi">1</td><td>1675851877587</td><td class="numi">33614</td></tr><tr class="failedodd"><td><a href="#m4"><b>TS004_VerifyAddToFavoriteOnProductDetailsPageTest</b>  </a></td><td class="numi">1</td><td>1675851911327</td><td class="numi">107796</td></tr><tr class="failedodd"><td><a href="#m5"><b>TS006_VerifyProductAddToExistingListOnSearchResultsGridTest</b>  </a></td><td class="numi">1</td><td>1675852075277</td><td class="numi">73009</td></tr><tr class="failedodd"><td><a href="#m6"><b>TS007_VerifyFullScreenViewerOnProductDetailsPageTest</b>  </a></td><td class="numi">1</td><td>1675852148430</td><td class="numi">66922</td></tr><tr class="failedodd"><td><a href="#m7"><b>TS008_VerifyAddToFavoriteOnSearchResultsGridTest</b>  </a></td><td class="numi">1</td><td>1675852215493</td><td class="numi">82504</td></tr>
<tr><th colspan="4">RegressionTest &#8212; passed</th></tr>
<tr class="passedodd"><td rowspan="2">lasvegasmarket_UAT.GlobalSearch_ProductActions</td><td><a href="#m8"><b>TS005_VerifyAddNoteOnProductDetailsPageTest</b>  </a></td><td class="numi">1</td><td>1675852019275</td><td class="numi">56000</td></tr><tr class="passedodd"><td><a href="#m9"><b>TS009_VerifyProductAddToNewlyCreatedListOnSearchResultsGridTest</b>  </a></td><td class="numi">1</td><td>1675852298132</td><td class="numi">68960</td></tr>
</table>
<h1>RegressionTest</h1>
<h2 id="m1">lasvegasmarket_UAT.GlobalSearch_ProductActions:TS004_VerifyAddToFavoriteOnProductDetailsPageTest</h2>
<div style="padding-left:3em">
<p>Expected condition failed: waiting for visibility of element located by By.xpath: //li[@class=&apos;imc-list-edit--draggable&apos;][1]/div/div[3]/div/div/div/div/a (tried for 20 second(s) with 500 milliseconds interval)</p>
org.openqa.selenium.support.ui.WebDriverWait.timeoutException(WebDriverWait.java:95)
<br/>at org.openqa.selenium.support.ui.FluentWait.until(FluentWait.java:272)
<br/>at pageObjects.AtlantaMarket.ATLMarketPlannerPage.getSavedProductNameInList(ATLMarketPlannerPage.java:651)
<br/>at lasvegasmarket_UAT.GlobalSearch_ProductActions.TS004_VerifyAddToFavoriteOnProductDetailsPageTest(GlobalSearch_ProductActions.java:331)
<br/>25 lines not shown
<p>Caused by no such element: Unable to locate element: {&quot;method&quot;:&quot;xpath&quot;,&quot;selector&quot;:&quot;//li[@class=&apos;imc-list-edit--draggable&apos;][1]/div/div[3]/div/div/div/div/a&quot;}
  (Session info: chrome=109.0.5414.120)
For documentation on this error, please visit: https://www.seleniumhq.org/exceptions/no_such_element.html
Build info: version: &apos;3.141.59&apos;, revision: &apos;e82be7d358&apos;, time: &apos;2018-11-14T08:25:48&apos;
System info: host: &apos;EON-SWAPNILI&apos;, ip: &apos;172.22.22.78&apos;, os.name: &apos;Windows 10&apos;, os.arch: &apos;amd64&apos;, os.version: &apos;10.0&apos;, java.version: &apos;1.8.0_311&apos;
Driver info: org.openqa.selenium.chrome.ChromeDriver
Capabilities {acceptInsecureCerts: false, browserName: chrome, browserVersion: 109.0.5414.120, chrome: {chromedriverVersion: 109.0.5414.74 (e7c5703604da..., userDataDir: C:\Users\swapnili\AppData\L...}, goog:chromeOptions: {debuggerAddress: localhost:55001}, javascriptEnabled: true, networkConnectionEnabled: false, pageLoadStrategy: normal, platform: WINDOWS, platformName: WINDOWS, proxy: Proxy(), setWindowRect: true, strictFileInteractability: false, timeouts: {implicit: 0, pageLoad: 300000, script: 30000}, unhandledPromptBehavior: dismiss and notify, webauthn:extension:credBlob: true, webauthn:extension:largeBlob: true, webauthn:virtualAuthenticators: true}
Session ID: 090cd2ea8b3638f88251d0b9e4697d1f
*** Element info: {Using=xpath, value=//li[@class=&apos;imc-list-edit--draggable&apos;][1]/div/div[3]/div/div/div/div/a}</p>
sun.reflect.NativeConstructorAccessorImpl.newInstance0(Native Method)
<br/>at sun.reflect.NativeConstructorAccessorImpl.newInstance(Unknown Source)
<br/>at sun.reflect.DelegatingConstructorAccessorImpl.newInstance(Unknown Source)
<br/>at java.lang.reflect.Constructor.newInstance(Unknown Source)
<br/>at org.openqa.selenium.remote.http.W3CHttpResponseCodec.createException(W3CHttpResponseCodec.java:187)
<br/>at org.openqa.selenium.remote.http.W3CHttpResponseCodec.decode(W3CHttpResponseCodec.java:122)
<br/>at org.openqa.selenium.remote.http.W3CHttpResponseCodec.decode(W3CHttpResponseCodec.java:49)
<br/>at org.openqa.selenium.remote.HttpCommandExecutor.execute(HttpCommandExecutor.java:158)
<br/>at org.openqa.selenium.remote.service.DriverCommandExecutor.execute(DriverCommandExecutor.java:83)
<br/>at org.openqa.selenium.remote.RemoteWebDriver.execute(RemoteWebDriver.java:552)
<br/>at org.openqa.selenium.remote.RemoteWebDriver.findElement(RemoteWebDriver.java:323)
<br/>at org.openqa.selenium.remote.RemoteWebDriver.findElementByXPath(RemoteWebDriver.java:428)
<br/>at org.openqa.selenium.By$ByXPath.findElement(By.java:353)
<br/>at org.openqa.selenium.remote.RemoteWebDriver.findElement(RemoteWebDriver.java:315)
<br/>at org.openqa.selenium.support.ui.ExpectedConditions$7.apply(ExpectedConditions.java:205)
<br/>at org.openqa.selenium.support.ui.ExpectedConditions$7.apply(ExpectedConditions.java:201)
<br/>at org.openqa.selenium.support.ui.FluentWait.until(FluentWait.java:249)
<br/>at pageObjects.AtlantaMarket.ATLMarketPlannerPage.getSavedProductNameInList(ATLMarketPlannerPage.java:651)
<br/>at lasvegasmarket_UAT.GlobalSearch_ProductActions.TS004_VerifyAddToFavoriteOnProductDetailsPageTest(GlobalSearch_ProductActions.java:331)
<br/>25 lines not shown
</div>
<p class="totop"><a href="#summary">back to summary</a></p>
<h2 id="m2">lasvegasmarket_UAT.GlobalSearch_ProductActions:TS001_VerifyClickOnProductSeeDetailsBtnOnSearchResultsGridTest</h2>
<div style="padding-left:3em">
<p>timeout: Timed out receiving message from renderer: 295.903
  (Session info: chrome=109.0.5414.120)
Build info: version: &apos;3.141.59&apos;, revision: &apos;e82be7d358&apos;, time: &apos;2018-11-14T08:25:48&apos;
System info: host: &apos;EON-SWAPNILI&apos;, ip: &apos;172.22.22.78&apos;, os.name: &apos;Windows 10&apos;, os.arch: &apos;amd64&apos;, os.version: &apos;10.0&apos;, java.version: &apos;1.8.0_311&apos;
Driver info: org.openqa.selenium.chrome.ChromeDriver
Capabilities {acceptInsecureCerts: false, browserName: chrome, browserVersion: 109.0.5414.120, chrome: {chromedriverVersion: 109.0.5414.74 (e7c5703604da..., userDataDir: C:\Users\swapnili\AppData\L...}, goog:chromeOptions: {debuggerAddress: localhost:55001}, javascriptEnabled: true, networkConnectionEnabled: false, pageLoadStrategy: normal, platform: WINDOWS, platformName: WINDOWS, proxy: Proxy(), setWindowRect: true, strictFileInteractability: false, timeouts: {implicit: 0, pageLoad: 300000, script: 30000}, unhandledPromptBehavior: dismiss and notify, webauthn:extension:credBlob: true, webauthn:extension:largeBlob: true, webauthn:virtualAuthenticators: true}
Session ID: 090cd2ea8b3638f88251d0b9e4697d1f</p>
sun.reflect.NativeConstructorAccessorImpl.newInstance0(Native Method)
<br/>at sun.reflect.NativeConstructorAccessorImpl.newInstance(Unknown Source)
<br/>at sun.reflect.DelegatingConstructorAccessorImpl.newInstance(Unknown Source)
<br/>at java.lang.reflect.Constructor.newInstance(Unknown Source)
<br/>at org.openqa.selenium.remote.http.W3CHttpResponseCodec.createException(W3CHttpResponseCodec.java:187)
<br/>at org.openqa.selenium.remote.http.W3CHttpResponseCodec.decode(W3CHttpResponseCodec.java:122)
<br/>at org.openqa.selenium.remote.http.W3CHttpResponseCodec.decode(W3CHttpResponseCodec.java:49)
<br/>at org.openqa.selenium.remote.HttpCommandExecutor.execute(HttpCommandExecutor.java:158)
<br/>at org.openqa.selenium.remote.service.DriverCommandExecutor.execute(DriverCommandExecutor.java:83)
<br/>at org.openqa.selenium.remote.RemoteWebDriver.execute(RemoteWebDriver.java:552)
<br/>at org.openqa.selenium.remote.RemoteWebDriver.get(RemoteWebDriver.java:277)
<br/>at lasvegasmarket_UAT.GlobalSearch_ProductActions.TS001_VerifyClickOnProductSeeDetailsBtnOnSearchResultsGridTest(GlobalSearch_ProductActions.java:105)
<br/>25 lines not shown
</div>
<p class="totop"><a href="#summary">back to summary</a></p>
<h2 id="m3">lasvegasmarket_UAT.GlobalSearch_ProductActions:TS007_VerifyFullScreenViewerOnProductDetailsPageTest</h2>
<div style="padding-left:3em">
<p>Expected condition failed: waiting for visibility of element located by By.xpath: //div[@class=&apos;imc-product-details--gallery--image-fullscreen&apos;] (tried for 20 second(s) with 500 milliseconds interval)</p>
org.openqa.selenium.support.ui.WebDriverWait.timeoutException(WebDriverWait.java:95)
<br/>at org.openqa.selenium.support.ui.FluentWait.until(FluentWait.java:272)
<br/>at pageObjects.AtlantaMarket.ATLProductDetailsPage.getProductFullScreenViewerBtn(ATLProductDetailsPage.java:169)
<br/>at lasvegasmarket_UAT.GlobalSearch_ProductActions.TS007_VerifyFullScreenViewerOnProductDetailsPageTest(GlobalSearch_ProductActions.java:553)
<br/>25 lines not shown
<p>Caused by no such element: Unable to locate element: {&quot;method&quot;:&quot;xpath&quot;,&quot;selector&quot;:&quot;//div[@class=&apos;imc-product-details--gallery--image-fullscreen&apos;]&quot;}
  (Session info: chrome=109.0.5414.120)
For documentation on this error, please visit: https://www.seleniumhq.org/exceptions/no_such_element.html
Build info: version: &apos;3.141.59&apos;, revision: &apos;e82be7d358&apos;, time: &apos;2018-11-14T08:25:48&apos;
System info: host: &apos;EON-SWAPNILI&apos;, ip: &apos;172.22.22.78&apos;, os.name: &apos;Windows 10&apos;, os.arch: &apos;amd64&apos;, os.version: &apos;10.0&apos;, java.version: &apos;1.8.0_311&apos;
Driver info: org.openqa.selenium.chrome.ChromeDriver
Capabilities {acceptInsecureCerts: false, browserName: chrome, browserVersion: 109.0.5414.120, chrome: {chromedriverVersion: 109.0.5414.74 (e7c5703604da..., userDataDir: C:\Users\swapnili\AppData\L...}, goog:chromeOptions: {debuggerAddress: localhost:55001}, javascriptEnabled: true, networkConnectionEnabled: false, pageLoadStrategy: normal, platform: WINDOWS, platformName: WINDOWS, proxy: Proxy(), setWindowRect: true, strictFileInteractability: false, timeouts: {implicit: 0, pageLoad: 300000, script: 30000}, unhandledPromptBehavior: dismiss and notify, webauthn:extension:credBlob: true, webauthn:extension:largeBlob: true, webauthn:virtualAuthenticators: true}
Session ID: 090cd2ea8b3638f88251d0b9e4697d1f
*** Element info: {Using=xpath, value=//div[@class=&apos;imc-product-details--gallery--image-fullscreen&apos;]}</p>
sun.reflect.NativeConstructorAccessorImpl.newInstance0(Native Method)
<br/>at sun.reflect.NativeConstructorAccessorImpl.newInstance(Unknown Source)
<br/>at sun.reflect.DelegatingConstructorAccessorImpl.newInstance(Unknown Source)
<br/>at java.lang.reflect.Constructor.newInstance(Unknown Source)
<br/>at org.openqa.selenium.remote.http.W3CHttpResponseCodec.createException(W3CHttpResponseCodec.java:187)
<br/>at org.openqa.selenium.remote.http.W3CHttpResponseCodec.decode(W3CHttpResponseCodec.java:122)
<br/>at org.openqa.selenium.remote.http.W3CHttpResponseCodec.decode(W3CHttpResponseCodec.java:49)
<br/>at org.openqa.selenium.remote.HttpCommandExecutor.execute(HttpCommandExecutor.java:158)
<br/>at org.openqa.selenium.remote.service.DriverCommandExecutor.execute(DriverCommandExecutor.java:83)
<br/>at org.openqa.selenium.remote.RemoteWebDriver.execute(RemoteWebDriver.java:552)
<br/>at org.openqa.selenium.remote.RemoteWebDriver.findElement(RemoteWebDriver.java:323)
<br/>at org.openqa.selenium.remote.RemoteWebDriver.findElementByXPath(RemoteWebDriver.java:428)
<br/>at org.openqa.selenium.By$ByXPath.findElement(By.java:353)
<br/>at org.openqa.selenium.remote.RemoteWebDriver.findElement(RemoteWebDriver.java:315)
<br/>at org.openqa.selenium.support.ui.ExpectedConditions$7.apply(ExpectedConditions.java:205)
<br/>at org.openqa.selenium.support.ui.ExpectedConditions$7.apply(ExpectedConditions.java:201)
<br/>at org.openqa.selenium.support.ui.FluentWait.until(FluentWait.java:249)
<br/>at pageObjects.AtlantaMarket.ATLProductDetailsPage.getProductFullScreenViewerBtn(ATLProductDetailsPage.java:169)
<br/>at lasvegasmarket_UAT.GlobalSearch_ProductActions.TS007_VerifyFullScreenViewerOnProductDetailsPageTest(GlobalSearch_ProductActions.java:553)
<br/>25 lines not shown
</div>
<p class="totop"><a href="#summary">back to summary</a></p>
<h2 id="m4">lasvegasmarket_UAT.GlobalSearch_ProductActions:TS003_VerifyProductAddToExistingListOnProductDetailsPageTest</h2>
<div style="padding-left:3em">
<p>unknown error: net::ERR_NAME_NOT_RESOLVED
  (Session info: chrome=109.0.5414.120)
Build info: version: &apos;3.141.59&apos;, revision: &apos;e82be7d358&apos;, time: &apos;2018-11-14T08:25:48&apos;
System info: host: &apos;EON-SWAPNILI&apos;, ip: &apos;172.22.22.78&apos;, os.name: &apos;Windows 10&apos;, os.arch: &apos;amd64&apos;, os.version: &apos;10.0&apos;, java.version: &apos;1.8.0_311&apos;
Driver info: org.openqa.selenium.chrome.ChromeDriver
Capabilities {acceptInsecureCerts: false, browserName: chrome, browserVersion: 109.0.5414.120, chrome: {chromedriverVersion: 109.0.5414.74 (e7c5703604da..., userDataDir: C:\Users\swapnili\AppData\L...}, goog:chromeOptions: {debuggerAddress: localhost:55001}, javascriptEnabled: true, networkConnectionEnabled: false, pageLoadStrategy: normal, platform: WINDOWS, platformName: WINDOWS, proxy: Proxy(), setWindowRect: true, strictFileInteractability: false, timeouts: {implicit: 0, pageLoad: 300000, script: 30000}, unhandledPromptBehavior: dismiss and notify, webauthn:extension:credBlob: true, webauthn:extension:largeBlob: true, webauthn:virtualAuthenticators: true}
Session ID: 090cd2ea8b3638f88251d0b9e4697d1f</p>
sun.reflect.NativeConstructorAccessorImpl.newInstance0(Native Method)
<br/>at sun.reflect.NativeConstructorAccessorImpl.newInstance(Unknown Source)
<br/>at sun.reflect.DelegatingConstructorAccessorImpl.newInstance(Unknown Source)
<br/>at java.lang.reflect.Constructor.newInstance(Unknown Source)
<br/>at org.openqa.selenium.remote.http.W3CHttpResponseCodec.createException(W3CHttpResponseCodec.java:187)
<br/>at org.openqa.selenium.remote.http.W3CHttpResponseCodec.decode(W3CHttpResponseCodec.java:122)
<br/>at org.openqa.selenium.remote.http.W3CHttpResponseCodec.decode(W3CHttpResponseCodec.java:49)
<br/>at org.openqa.selenium.remote.HttpCommandExecutor.execute(HttpCommandExecutor.java:158)
<br/>at org.openqa.selenium.remote.service.DriverCommandExecutor.execute(DriverCommandExecutor.java:83)
<br/>at org.openqa.selenium.remote.RemoteWebDriver.execute(RemoteWebDriver.java:552)
<br/>at org.openqa.selenium.remote.RemoteWebDriver.get(RemoteWebDriver.java:277)
<br/>at lasvegasmarket_UAT.GlobalSearch_ProductActions.TS003_VerifyProductAddToExistingListOnProductDetailsPageTest(GlobalSearch_ProductActions.java:203)
<br/>25 lines not shown
</div>
<p class="totop"><a href="#summary">back to summary</a></p>
<h2 id="m5">lasvegasmarket_UAT.GlobalSearch_ProductActions:TS008_VerifyAddToFavoriteOnSearchResultsGridTest</h2>
<div style="padding-left:3em">
<p>Expected condition failed: waiting for visibility of element located by By.xpath: //li[@class=&apos;imc-list-edit--draggable&apos;][1]/div/div[3]/div/div/div/div/a (tried for 20 second(s) with 500 milliseconds interval)</p>
org.openqa.selenium.support.ui.WebDriverWait.timeoutException(WebDriverWait.java:95)
<br/>at org.openqa.selenium.support.ui.FluentWait.until(FluentWait.java:272)
<br/>at pageObjects.AtlantaMarket.ATLMarketPlannerPage.getSavedProductNameInList(ATLMarketPlannerPage.java:651)
<br/>at lasvegasmarket_UAT.GlobalSearch_ProductActions.TS008_VerifyAddToFavoriteOnSearchResultsGridTest(GlobalSearch_ProductActions.java:614)
<br/>25 lines not shown
<p>Caused by no such element: Unable to locate element: {&quot;method&quot;:&quot;xpath&quot;,&quot;selector&quot;:&quot;//li[@class=&apos;imc-list-edit--draggable&apos;][1]/div/div[3]/div/div/div/div/a&quot;}
  (Session info: chrome=109.0.5414.120)
For documentation on this error, please visit: https://www.seleniumhq.org/exceptions/no_such_element.html
Build info: version: &apos;3.141.59&apos;, revision: &apos;e82be7d358&apos;, time: &apos;2018-11-14T08:25:48&apos;
System info: host: &apos;EON-SWAPNILI&apos;, ip: &apos;172.22.22.78&apos;, os.name: &apos;Windows 10&apos;, os.arch: &apos;amd64&apos;, os.version: &apos;10.0&apos;, java.version: &apos;1.8.0_311&apos;
Driver info: org.openqa.selenium.chrome.ChromeDriver
Capabilities {acceptInsecureCerts: false, browserName: chrome, browserVersion: 109.0.5414.120, chrome: {chromedriverVersion: 109.0.5414.74 (e7c5703604da..., userDataDir: C:\Users\swapnili\AppData\L...}, goog:chromeOptions: {debuggerAddress: localhost:55001}, javascriptEnabled: true, networkConnectionEnabled: false, pageLoadStrategy: normal, platform: WINDOWS, platformName: WINDOWS, proxy: Proxy(), setWindowRect: true, strictFileInteractability: false, timeouts: {implicit: 0, pageLoad: 300000, script: 30000}, unhandledPromptBehavior: dismiss and notify, webauthn:extension:credBlob: true, webauthn:extension:largeBlob: true, webauthn:virtualAuthenticators: true}
Session ID: 090cd2ea8b3638f88251d0b9e4697d1f
*** Element info: {Using=xpath, value=//li[@class=&apos;imc-list-edit--draggable&apos;][1]/div/div[3]/div/div/div/div/a}</p>
sun.reflect.NativeConstructorAccessorImpl.newInstance0(Native Method)
<br/>at sun.reflect.NativeConstructorAccessorImpl.newInstance(Unknown Source)
<br/>at sun.reflect.DelegatingConstructorAccessorImpl.newInstance(Unknown Source)
<br/>at java.lang.reflect.Constructor.newInstance(Unknown Source)
<br/>at org.openqa.selenium.remote.http.W3CHttpResponseCodec.createException(W3CHttpResponseCodec.java:187)
<br/>at org.openqa.selenium.remote.http.W3CHttpResponseCodec.decode(W3CHttpResponseCodec.java:122)
<br/>at org.openqa.selenium.remote.http.W3CHttpResponseCodec.decode(W3CHttpResponseCodec.java:49)
<br/>at org.openqa.selenium.remote.HttpCommandExecutor.execute(HttpCommandExecutor.java:158)
<br/>at org.openqa.selenium.remote.service.DriverCommandExecutor.execute(DriverCommandExecutor.java:83)
<br/>at org.openqa.selenium.remote.RemoteWebDriver.execute(RemoteWebDriver.java:552)
<br/>at org.openqa.selenium.remote.RemoteWebDriver.findElement(RemoteWebDriver.java:323)
<br/>at org.openqa.selenium.remote.RemoteWebDriver.findElementByXPath(RemoteWebDriver.java:428)
<br/>at org.openqa.selenium.By$ByXPath.findElement(By.java:353)
<br/>at org.openqa.selenium.remote.RemoteWebDriver.findElement(RemoteWebDriver.java:315)
<br/>at org.openqa.selenium.support.ui.ExpectedConditions$7.apply(ExpectedConditions.java:205)
<br/>at org.openqa.selenium.support.ui.ExpectedConditions$7.apply(ExpectedConditions.java:201)
<br/>at org.openqa.selenium.support.ui.FluentWait.until(FluentWait.java:249)
<br/>at pageObjects.AtlantaMarket.ATLMarketPlannerPage.getSavedProductNameInList(ATLMarketPlannerPage.java:651)
<br/>at lasvegasmarket_UAT.GlobalSearch_ProductActions.TS008_VerifyAddToFavoriteOnSearchResultsGridTest(GlobalSearch_ProductActions.java:614)
<br/>25 lines not shown
</div>
<p class="totop"><a href="#summary">back to summary</a></p>
<h2 id="m6">lasvegasmarket_UAT.GlobalSearch_ProductActions:TS006_VerifyProductAddToExistingListOnSearchResultsGridTest</h2>
<div style="padding-left:3em">
<p>Expected condition failed: waiting for visibility of element located by By.xpath: //li[@class=&apos;imc-list-edit--draggable&apos;][1]/div/div[3]/div/div/div/div/a (tried for 20 second(s) with 500 milliseconds interval)</p>
org.openqa.selenium.support.ui.WebDriverWait.timeoutException(WebDriverWait.java:95)
<br/>at org.openqa.selenium.support.ui.FluentWait.until(FluentWait.java:272)
<br/>at pageObjects.AtlantaMarket.ATLMarketPlannerPage.getSavedProductNameInList(ATLMarketPlannerPage.java:651)
<br/>at lasvegasmarket_UAT.GlobalSearch_ProductActions.TS006_VerifyProductAddToExistingListOnSearchResultsGridTest(GlobalSearch_ProductActions.java:493)
<br/>25 lines not shown
<p>Caused by no such element: Unable to locate element: {&quot;method&quot;:&quot;xpath&quot;,&quot;selector&quot;:&quot;//li[@class=&apos;imc-list-edit--draggable&apos;][1]/div/div[3]/div/div/div/div/a&quot;}
  (Session info: chrome=109.0.5414.120)
For documentation on this error, please visit: https://www.seleniumhq.org/exceptions/no_such_element.html
Build info: version: &apos;3.141.59&apos;, revision: &apos;e82be7d358&apos;, time: &apos;2018-11-14T08:25:48&apos;
System info: host: &apos;EON-SWAPNILI&apos;, ip: &apos;172.22.22.78&apos;, os.name: &apos;Windows 10&apos;, os.arch: &apos;amd64&apos;, os.version: &apos;10.0&apos;, java.version: &apos;1.8.0_311&apos;
Driver info: org.openqa.selenium.chrome.ChromeDriver
Capabilities {acceptInsecureCerts: false, browserName: chrome, browserVersion: 109.0.5414.120, chrome: {chromedriverVersion: 109.0.5414.74 (e7c5703604da..., userDataDir: C:\Users\swapnili\AppData\L...}, goog:chromeOptions: {debuggerAddress: localhost:55001}, javascriptEnabled: true, networkConnectionEnabled: false, pageLoadStrategy: normal, platform: WINDOWS, platformName: WINDOWS, proxy: Proxy(), setWindowRect: true, strictFileInteractability: false, timeouts: {implicit: 0, pageLoad: 300000, script: 30000}, unhandledPromptBehavior: dismiss and notify, webauthn:extension:credBlob: true, webauthn:extension:largeBlob: true, webauthn:virtualAuthenticators: true}
Session ID: 090cd2ea8b3638f88251d0b9e4697d1f
*** Element info: {Using=xpath, value=//li[@class=&apos;imc-list-edit--draggable&apos;][1]/div/div[3]/div/div/div/div/a}</p>
sun.reflect.NativeConstructorAccessorImpl.newInstance0(Native Method)
<br/>at sun.reflect.NativeConstructorAccessorImpl.newInstance(Unknown Source)
<br/>at sun.reflect.DelegatingConstructorAccessorImpl.newInstance(Unknown Source)
<br/>at java.lang.reflect.Constructor.newInstance(Unknown Source)
<br/>at org.openqa.selenium.remote.http.W3CHttpResponseCodec.createException(W3CHttpResponseCodec.java:187)
<br/>at org.openqa.selenium.remote.http.W3CHttpResponseCodec.decode(W3CHttpResponseCodec.java:122)
<br/>at org.openqa.selenium.remote.http.W3CHttpResponseCodec.decode(W3CHttpResponseCodec.java:49)
<br/>at org.openqa.selenium.remote.HttpCommandExecutor.execute(HttpCommandExecutor.java:158)
<br/>at org.openqa.selenium.remote.service.DriverCommandExecutor.execute(DriverCommandExecutor.java:83)
<br/>at org.openqa.selenium.remote.RemoteWebDriver.execute(RemoteWebDriver.java:552)
<br/>at org.openqa.selenium.remote.RemoteWebDriver.findElement(RemoteWebDriver.java:323)
<br/>at org.openqa.selenium.remote.RemoteWebDriver.findElementByXPath(RemoteWebDriver.java:428)
<br/>at org.openqa.selenium.By$ByXPath.findElement(By.java:353)
<br/>at org.openqa.selenium.remote.RemoteWebDriver.findElement(RemoteWebDriver.java:315)
<br/>at org.openqa.selenium.support.ui.ExpectedConditions$7.apply(ExpectedConditions.java:205)
<br/>at org.openqa.selenium.support.ui.ExpectedConditions$7.apply(ExpectedConditions.java:201)
<br/>at org.openqa.selenium.support.ui.FluentWait.until(FluentWait.java:249)
<br/>at pageObjects.AtlantaMarket.ATLMarketPlannerPage.getSavedProductNameInList(ATLMarketPlannerPage.java:651)
<br/>at lasvegasmarket_UAT.GlobalSearch_ProductActions.TS006_VerifyProductAddToExistingListOnSearchResultsGridTest(GlobalSearch_ProductActions.java:493)
<br/>25 lines not shown
</div>
<p class="totop"><a href="#summary">back to summary</a></p>
<h2 id="m7">lasvegasmarket_UAT.GlobalSearch_ProductActions:TS002_VerifyProductAddToNewListOnProductDetailsPageTest</h2>
<div style="padding-left:3em">
<p>unknown error: net::ERR_NAME_NOT_RESOLVED
  (Session info: chrome=109.0.5414.120)
Build info: version: &apos;3.141.59&apos;, revision: &apos;e82be7d358&apos;, time: &apos;2018-11-14T08:25:48&apos;
System info: host: &apos;EON-SWAPNILI&apos;, ip: &apos;172.22.22.78&apos;, os.name: &apos;Windows 10&apos;, os.arch: &apos;amd64&apos;, os.version: &apos;10.0&apos;, java.version: &apos;1.8.0_311&apos;
Driver info: org.openqa.selenium.chrome.ChromeDriver
Capabilities {acceptInsecureCerts: false, browserName: chrome, browserVersion: 109.0.5414.120, chrome: {chromedriverVersion: 109.0.5414.74 (e7c5703604da..., userDataDir: C:\Users\swapnili\AppData\L...}, goog:chromeOptions: {debuggerAddress: localhost:55001}, javascriptEnabled: true, networkConnectionEnabled: false, pageLoadStrategy: normal, platform: WINDOWS, platformName: WINDOWS, proxy: Proxy(), setWindowRect: true, strictFileInteractability: false, timeouts: {implicit: 0, pageLoad: 300000, script: 30000}, unhandledPromptBehavior: dismiss and notify, webauthn:extension:credBlob: true, webauthn:extension:largeBlob: true, webauthn:virtualAuthenticators: true}
Session ID: 090cd2ea8b3638f88251d0b9e4697d1f</p>
sun.reflect.NativeConstructorAccessorImpl.newInstance0(Native Method)
<br/>at sun.reflect.NativeConstructorAccessorImpl.newInstance(Unknown Source)
<br/>at sun.reflect.DelegatingConstructorAccessorImpl.newInstance(Unknown Source)
<br/>at java.lang.reflect.Constructor.newInstance(Unknown Source)
<br/>at org.openqa.selenium.remote.http.W3CHttpResponseCodec.createException(W3CHttpResponseCodec.java:187)
<br/>at org.openqa.selenium.remote.http.W3CHttpResponseCodec.decode(W3CHttpResponseCodec.java:122)
<br/>at org.openqa.selenium.remote.http.W3CHttpResponseCodec.decode(W3CHttpResponseCodec.java:49)
<br/>at org.openqa.selenium.remote.HttpCommandExecutor.execute(HttpCommandExecutor.java:158)
<br/>at org.openqa.selenium.remote.service.DriverCommandExecutor.execute(DriverCommandExecutor.java:83)
<br/>at org.openqa.selenium.remote.RemoteWebDriver.execute(RemoteWebDriver.java:552)
<br/>at org.openqa.selenium.remote.RemoteWebDriver.get(RemoteWebDriver.java:277)
<br/>at lasvegasmarket_UAT.GlobalSearch_ProductActions.TS002_VerifyProductAddToNewListOnProductDetailsPageTest(GlobalSearch_ProductActions.java:122)
<br/>25 lines not shown
</div>
<p class="totop"><a href="#summary">back to summary</a></p>
<h2 id="m8">lasvegasmarket_UAT.GlobalSearch_ProductActions:TS009_VerifyProductAddToNewlyCreatedListOnSearchResultsGridTest</h2>
<p class="totop"><a href="#summary">back to summary</a></p>
<h2 id="m9">lasvegasmarket_UAT.GlobalSearch_ProductActions:TS005_VerifyAddNoteOnProductDetailsPageTest</h2>
<p class="totop"><a href="#summary">back to summary</a></p>
</body></html>
=======
<tr class="failedodd"><td rowspan="1">atlantamarket_PROD.MarketPlanner</td><td><a href="#m1"><b>TS023_VerifyFilterByOptionsFunctionalityForListTest</b>  </a></td><td class="numi">1</td><td>1675685381332</td><td class="numi">587615</td></tr>
</table>
<h1>RegressionTest</h1>
<h2 id="m1">atlantamarket_PROD.MarketPlanner:TS023_VerifyFilterByOptionsFunctionalityForListTest</h2>
<div style="padding-left:3em">
<p>Expected condition failed: waiting for visibility of element located by By.xpath: //div[@class=&apos;imc-saved-exhibitors__contentItems__col2-1 imc-heading--h7 imc-heading--primary-medium imc-saved-exhibitors__name-title&apos;]/a (tried for 20 second(s) with 500 MILLISECONDS interval)</p>
org.openqa.selenium.support.ui.WebDriverWait.timeoutException(WebDriverWait.java:80)
<br/>at org.openqa.selenium.support.ui.FluentWait.until(FluentWait.java:232)
<br/>at pageObjects.AtlantaMarket.ATLMarketPlannerPage.getmpListOfAllProds(ATLMarketPlannerPage.java:395)
<br/>at atlantamarket_PROD.MarketPlanner.TS023_VerifyFilterByOptionsFunctionalityForListTest(MarketPlanner.java:1396)
<br/>25 lines not shown
<p>Caused by Cannot locate an element using By.xpath: //div[@class=&apos;imc-saved-exhibitors__contentItems__col2-1 imc-heading--h7 imc-heading--primary-medium imc-saved-exhibitors__name-title&apos;]/a
For documentation on this error, please visit: http://seleniumhq.org/exceptions/no_such_element.html
Build info: version: &apos;3.4.0&apos;, revision: &apos;unknown&apos;, time: &apos;unknown&apos;
System info: host: &apos;NILAMMA-W10&apos;, ip: &apos;192.168.68.2&apos;, os.name: &apos;Windows 10&apos;, os.arch: &apos;amd64&apos;, os.version: &apos;10.0&apos;, java.version: &apos;1.8.0_161&apos;
Driver info: driver.version: unknown</p>
org.openqa.selenium.support.ui.ExpectedConditions.lambda$findElement$0(ExpectedConditions.java:883)
<br/>at java.util.Optional.orElseThrow(Unknown Source)
<br/>at org.openqa.selenium.support.ui.ExpectedConditions.findElement(ExpectedConditions.java:882)
<br/>at org.openqa.selenium.support.ui.ExpectedConditions.access$000(ExpectedConditions.java:44)
<br/>at org.openqa.selenium.support.ui.ExpectedConditions$7.apply(ExpectedConditions.java:206)
<br/>at org.openqa.selenium.support.ui.ExpectedConditions$7.apply(ExpectedConditions.java:202)
<br/>at org.openqa.selenium.support.ui.FluentWait.until(FluentWait.java:209)
<br/>at pageObjects.AtlantaMarket.ATLMarketPlannerPage.getmpListOfAllProds(ATLMarketPlannerPage.java:395)
<br/>at atlantamarket_PROD.MarketPlanner.TS023_VerifyFilterByOptionsFunctionalityForListTest(MarketPlanner.java:1396)
<br/>25 lines not shown
</div>
<p class="totop"><a href="#summary">back to summary</a></p>
</body></html>

<html xmlns="http://www.w3.org/1999/xhtml"><head><title>TestNG Report</title><style type="text/css">table {margin-bottom:10px;border-collapse:collapse;empty-cells:show}th,td {border:1px solid #009;padding:.25em .5em}th {vertical-align:bottom}td {vertical-align:top}table a {font-weight:bold}.stripe td {background-color: #E6EBF9}.num {text-align:right}.passedodd td {background-color: #3F3}.passedeven td {background-color: #0A0}.skippedodd td {background-color: #DDD}.skippedeven td {background-color: #CCC}.failedodd td,.attn {background-color: #F33}.failedeven td,.stripe .attn {background-color: #D00}.stacktrace {white-space:pre;font-family:monospace}.totop {font-size:85%;text-align:center;border-bottom:2px solid #000}</style></head><body><table><tr><th>Test</th><th># Passed</th><th># Skipped</th><th># Failed</th><th>Time (ms)</th><th>Included Groups</th><th>Excluded Groups</th></tr><tr><th colspan="7">LVM_RegressionTestSuite</th></tr><tr><td><a href="#t0">RegressionTest</a></td><td class="num">0</td><td class="num">0</td><td class="num attn">1</td><td class="num">72,659</td><td></td><td></td></tr></table><table><thead><tr><th>Class</th><th>Method</th><th>Start</th><th>Time (ms)</th></tr></thead><tbody><tr><th colspan="4">LVM_RegressionTestSuite</th></tr></tbody><tbody id="t0"><tr><th colspan="4">RegressionTest &#8212; failed</th></tr><tr class="failedeven"><td rowspan="1">lasvegasmarket_UAT.GlobalSearch_LeftPaneFilters</td><td><a href="#m0">TS011_VerifySelectionOfHomeTextilesProdCatgFromLeftPaneFiltersTest</a></td><td rowspan="1">1675415505652</td><td rowspan="1">27321</td></tr></tbody></table><h2>RegressionTest</h2><h3 id="m0">lasvegasmarket_UAT.GlobalSearch_LeftPaneFilters#TS011_VerifySelectionOfHomeTextilesProdCatgFromLeftPaneFiltersTest</h3><table class="result"><tr><th>Exception</th></tr><tr><td><div class="stacktrace">java.lang.AssertionError: expected [true] but found [false]
	at lasvegasmarket_UAT.GlobalSearch_LeftPaneFilters.TS011_VerifySelectionOfHomeTextilesProdCatgFromLeftPaneFiltersTest(GlobalSearch_LeftPaneFilters.java:727)
... Removed 28 stack frames</div></td></tr></table><p class="totop"><a href="#summary">back to summary</a></p></body></html>

>>>>>>> 05882c0424bc92ec9b84b3ee5a37380cde63a66a
>>>>>>> fdbf4885ce3414abaf8ac3710bb261f279b3c122
