<?xml version="1.0" encoding="UTF-8"?>
<!-- Generated by org.testng.reporters.JUnitReportReporter -->
<testsuite hostname="eon-swapnili" name="sitecore_PROD.ShowSpecialsApprovals" tests="1" failures="1" timestamp="26 Mar 2024 12:03:04 GMT" time="20.411" errors="0">
  <testcase name="TS002_VerifyDigitalAdminPanelSortByOptionsFunctinalityTest" time="20.411" classname="sitecore_PROD.ShowSpecialsApprovals">
    <failure type="java.lang.AssertionError" message=" List Should be sorted: Lists differ at element [5]: andmore test company != anne mcgilvray &amp; company expected [andmore test company] but found [anne mcgilvray &amp; company]">
      <![CDATA[java.lang.AssertionError:  List Should be sorted: Lists differ at element [5]: andmore test company != anne mcgilvray & company expected [andmore test company] but found [anne mcgilvray & company]
	at org.testng.Assert.fail(Assert.java:94)
	at org.testng.Assert.failNotEquals(Assert.java:513)
	at org.testng.Assert.assertEqualsImpl(Assert.java:135)
	at org.testng.Assert.assertEquals(Assert.java:568)
	at resources.Utility.SortByDigitalIdentity(Utility.java:527)
	at sitecore_PROD.ShowSpecialsApprovals.TS002_VerifyDigitalAdminPanelSortByOptionsFunctinalityTest(ShowSpecialsApprovals.java:82)
	at sun.reflect.NativeMethodAccessorImpl.invoke0(Native Method)
	at sun.reflect.NativeMethodAccessorImpl.invoke(Unknown Source)
	at sun.reflect.DelegatingMethodAccessorImpl.invoke(Unknown Source)
	at java.lang.reflect.Method.invoke(Unknown Source)
	at org.testng.internal.MethodInvocationHelper.invokeMethod(MethodInvocationHelper.java:86)
	at org.testng.internal.Invoker.invokeMethod(Invoker.java:645)
	at org.testng.internal.Invoker.invokeTestMethod(Invoker.java:822)
	at org.testng.internal.Invoker.invokeTestMethods(Invoker.java:1130)
	at org.testng.internal.TestMethodWorker.invokeTestMethods(TestMethodWorker.java:129)
	at org.testng.internal.TestMethodWorker.run(TestMethodWorker.java:112)
	at org.testng.TestRunner.privateRun(TestRunner.java:782)
	at org.testng.TestRunner.run(TestRunner.java:632)
	at org.testng.SuiteRunner.runTest(SuiteRunner.java:366)
	at org.testng.SuiteRunner.runSequentially(SuiteRunner.java:361)
	at org.testng.SuiteRunner.privateRun(SuiteRunner.java:319)
	at org.testng.SuiteRunner.run(SuiteRunner.java:268)
	at org.testng.SuiteRunnerWorker.runSuite(SuiteRunnerWorker.java:52)
	at org.testng.SuiteRunnerWorker.run(SuiteRunnerWorker.java:86)
	at org.testng.TestNG.runSuitesSequentially(TestNG.java:1244)
	at org.testng.TestNG.runSuitesLocally(TestNG.java:1169)
	at org.testng.TestNG.run(TestNG.java:1064)
	at org.testng.remote.RemoteTestNG.run(RemoteTestNG.java:113)
	at org.testng.remote.RemoteTestNG.initAndRun(RemoteTestNG.java:206)
	at org.testng.remote.RemoteTestNG.main(RemoteTestNG.java:177)
]]>
    </failure>
  </testcase> <!-- TS002_VerifyDigitalAdminPanelSortByOptionsFunctinalityTest -->
</testsuite> <!-- sitecore_PROD.ShowSpecialsApprovals -->
