<?xml version="1.0" encoding="UTF-8"?>
<!-- Generated by org.testng.reporters.JUnitReportReporter -->
<testsuite hostname="CVC2446" failures="0" tests="17" name="lasvegasmarket_PROD.TestEventModule" time="47.630" errors="1" timestamp="2025-04-02T13:05:27 IST" skipped="16">
  <testcase classname="lasvegasmarket_PROD.TestEventModule" name="initialize" time="47.629">
    <error message="Expected condition failed: waiting for element to be clickable: By.xpath: //button[@id=&#039;gdpr-btn&#039;] (tried for 30 second(s) with 500 milliseconds interval)
Build info: version: &#039;4.25.0&#039;, revision: &#039;8a8aea2337&#039;
System info: os.name: &#039;Windows 11&#039;, os.arch: &#039;amd64&#039;, os.version: &#039;10.0&#039;, java.version: &#039;21.0.3&#039;
Driver info: org.openqa.selenium.chrome.ChromeDriver
Capabilities {acceptInsecureCerts: false, browserName: chrome, browserVersion: 134.0.6998.178, chrome: {chromedriverVersion: 134.0.6998.165 (fd886e2cb29..., userDataDir: C:\Users\swapnili\AppData\L...}, fedcm:accounts: true, goog:chromeOptions: {debuggerAddress: localhost:65166}, networkConnectionEnabled: false, pageLoadStrategy: normal, platformName: windows, proxy: Proxy(), se:cdp: ws://localhost:65166/devtoo..., se:cdpVersion: 134.0.6998.178, setWindowRect: true, strictFileInteractability: false, timeouts: {implicit: 0, pageLoad: 300000, script: 30000}, unhandledPromptBehavior: dismiss and notify, webauthn:extension:credBlob: true, webauthn:extension:largeBlob: true, webauthn:extension:minPinLength: true, webauthn:extension:prf: true, webauthn:virtualAuthenticators: true}
Session ID: 8139c1dfae6cd03658d7c253f20e4e91" type="org.openqa.selenium.TimeoutException">
      <![CDATA[org.openqa.selenium.TimeoutException: Expected condition failed: waiting for element to be clickable: By.xpath: //button[@id='gdpr-btn'] (tried for 30 second(s) with 500 milliseconds interval)
Build info: version: '4.25.0', revision: '8a8aea2337'
System info: os.name: 'Windows 11', os.arch: 'amd64', os.version: '10.0', java.version: '21.0.3'
Driver info: org.openqa.selenium.chrome.ChromeDriver
Capabilities {acceptInsecureCerts: false, browserName: chrome, browserVersion: 134.0.6998.178, chrome: {chromedriverVersion: 134.0.6998.165 (fd886e2cb29..., userDataDir: C:\Users\swapnili\AppData\L...}, fedcm:accounts: true, goog:chromeOptions: {debuggerAddress: localhost:65166}, networkConnectionEnabled: false, pageLoadStrategy: normal, platformName: windows, proxy: Proxy(), se:cdp: ws://localhost:65166/devtoo..., se:cdpVersion: 134.0.6998.178, setWindowRect: true, strictFileInteractability: false, timeouts: {implicit: 0, pageLoad: 300000, script: 30000}, unhandledPromptBehavior: dismiss and notify, webauthn:extension:credBlob: true, webauthn:extension:largeBlob: true, webauthn:extension:minPinLength: true, webauthn:extension:prf: true, webauthn:virtualAuthenticators: true}
Session ID: 8139c1dfae6cd03658d7c253f20e4e91
at org.openqa.selenium.support.ui.WebDriverWait.timeoutException(WebDriverWait.java:84)
at org.openqa.selenium.support.ui.FluentWait.until(FluentWait.java:228)
at pageObjects.AtlantaMarket.ATLLandingPage.getIUnderstandBtn(ATLLandingPage.java:45)
at lasvegasmarket_PROD.TestEventModule.initialize(TestEventModule.java:59)
at java.base/jdk.internal.reflect.DirectMethodHandleAccessor.invoke(DirectMethodHandleAccessor.java:103)
at java.base/java.lang.reflect.Method.invoke(Method.java:580)
at org.testng.internal.MethodInvocationHelper.invokeMethod(MethodInvocationHelper.java:133)
at org.testng.internal.MethodInvocationHelper.invokeMethodConsideringTimeout(MethodInvocationHelper.java:62)
at org.testng.internal.ConfigInvoker.invokeConfigurationMethod(ConfigInvoker.java:385)
at org.testng.internal.ConfigInvoker.invokeConfigurations(ConfigInvoker.java:321)
at org.testng.internal.TestMethodWorker.invokeBeforeClassMethods(TestMethodWorker.java:176)
at org.testng.internal.TestMethodWorker.run(TestMethodWorker.java:122)
at java.base/java.util.ArrayList.forEach(ArrayList.java:1596)
at org.testng.TestRunner.privateRun(TestRunner.java:794)
at org.testng.TestRunner.run(TestRunner.java:596)
at org.testng.SuiteRunner.runTest(SuiteRunner.java:377)
at org.testng.SuiteRunner.runSequentially(SuiteRunner.java:371)
at org.testng.SuiteRunner.privateRun(SuiteRunner.java:332)
at org.testng.SuiteRunner.run(SuiteRunner.java:276)
at org.testng.SuiteRunnerWorker.runSuite(SuiteRunnerWorker.java:53)
at org.testng.SuiteRunnerWorker.run(SuiteRunnerWorker.java:96)
at org.testng.TestNG.runSuitesSequentially(TestNG.java:1212)
at org.testng.TestNG.runSuitesLocally(TestNG.java:1134)
at org.testng.TestNG.runSuites(TestNG.java:1063)
at org.testng.TestNG.run(TestNG.java:1031)
at org.testng.remote.AbstractRemoteTestNG.run(AbstractRemoteTestNG.java:115)
at org.testng.remote.RemoteTestNG.initAndRun(RemoteTestNG.java:293)
at org.testng.remote.RemoteTestNG.main(RemoteTestNG.java:91)
]]>
    </error>
  </testcase> <!-- initialize -->
  <system-out/>
  <testcase classname="lasvegasmarket_PROD.TestEventModule" name="TS001_VerifyEventsAndWebinarsOverviewTest" time="0.001">
    <skipped/>
  </testcase> <!-- TS001_VerifyEventsAndWebinarsOverviewTest -->
  <system-out/>
  <testcase classname="lasvegasmarket_PROD.TestEventModule" name="TS002_VerifyIMCEventsSearchbarTest" time="0.000">
    <skipped/>
  </testcase> <!-- TS002_VerifyIMCEventsSearchbarTest -->
  <system-out/>
  <testcase classname="lasvegasmarket_PROD.TestEventModule" name="TS003_VerifyIMCEventsCalendarViewTest" time="0.000">
    <skipped/>
  </testcase> <!-- TS003_VerifyIMCEventsCalendarViewTest -->
  <system-out/>
  <testcase classname="lasvegasmarket_PROD.TestEventModule" name="TS004_VerifyIMCEventsEventsListTest" time="0.000">
    <skipped/>
  </testcase> <!-- TS004_VerifyIMCEventsEventsListTest -->
  <system-out/>
  <testcase classname="lasvegasmarket_PROD.TestEventModule" name="TS005_VerifyIMCEventsEventDetailstTest" time="0.000">
    <skipped/>
  </testcase> <!-- TS005_VerifyIMCEventsEventDetailstTest -->
  <system-out/>
  <testcase classname="lasvegasmarket_PROD.TestEventModule" name="TS006_VerifyExhibitorEventsSearchbarTest" time="0.000">
    <skipped/>
  </testcase> <!-- TS006_VerifyExhibitorEventsSearchbarTest -->
  <system-out/>
  <testcase classname="lasvegasmarket_PROD.TestEventModule" name="TS007_VerifyExhibitorEventsCalendarViewTest" time="0.000">
    <skipped/>
  </testcase> <!-- TS007_VerifyExhibitorEventsCalendarViewTest -->
  <system-out/>
  <testcase classname="lasvegasmarket_PROD.TestEventModule" name="TS008_VerifyExhibitorEventsListTest" time="0.000">
    <skipped/>
  </testcase> <!-- TS008_VerifyExhibitorEventsListTest -->
  <system-out/>
  <testcase classname="lasvegasmarket_PROD.TestEventModule" name="TS009_VerifyExhibitorEventsDetailstTest" time="0.000">
    <skipped/>
  </testcase> <!-- TS009_VerifyExhibitorEventsDetailstTest -->
  <system-out/>
  <testcase classname="lasvegasmarket_PROD.TestEventModule" name="verifyMPLoginFunctionality">
    <skipped/>
  </testcase> <!-- verifyMPLoginFunctionality -->
  <system-out/>
  <testcase classname="lasvegasmarket_PROD.TestEventModule" name="TS011_VerifyIMCEventsAddNoteTest">
    <skipped/>
  </testcase> <!-- TS011_VerifyIMCEventsAddNoteTest -->
  <system-out/>
  <testcase classname="lasvegasmarket_PROD.TestEventModule" name="TS012_VerifyExhibitorEventsAddToFavoriteTest">
    <skipped/>
  </testcase> <!-- TS012_VerifyExhibitorEventsAddToFavoriteTest -->
  <system-out/>
  <testcase classname="lasvegasmarket_PROD.TestEventModule" name="TS013_VerifyExhibitorEventsAddToListTest">
    <skipped/>
  </testcase> <!-- TS013_VerifyExhibitorEventsAddToListTest -->
  <system-out/>
  <testcase classname="lasvegasmarket_PROD.TestEventModule" name="TS015_VerifyIMCEventsAddToListTest">
    <skipped/>
  </testcase> <!-- TS015_VerifyIMCEventsAddToListTest -->
  <system-out/>
  <testcase classname="lasvegasmarket_PROD.TestEventModule" name="TS014_VerifyExhibitorEventsAddNoteTest">
    <skipped/>
  </testcase> <!-- TS014_VerifyExhibitorEventsAddNoteTest -->
  <system-out/>
  <testcase classname="lasvegasmarket_PROD.TestEventModule" name="TS010_VerifyIMCEventsAddToFavoriteTest">
    <skipped/>
  </testcase> <!-- TS010_VerifyIMCEventsAddToFavoriteTest -->
  <system-out/>
</testsuite> <!-- lasvegasmarket_PROD.TestEventModule -->
